# Note that scripting list commands may generate more information than is displayed by the administrative console because the console generally filters with respect to scope, templates, and built-in entries.

# [9/23/23 20:42:26:705 UTC] Library
AdminConfig.list('Library', AdminConfig.getid( '/Cell:DefaultCell01/'))

# Note that scripting list commands may generate more information than is displayed by the administrative console because the console generally filters with respect to scope, templates, and built-in entries.

# [9/23/23 20:42:30:632 UTC] Shared Libraries
AdminConfig.list('Library', AdminConfig.getid( '/Cell:DefaultCell01/Node:DefaultNode01/Server:server1/'))

# [9/23/23 20:42:54:954 UTC] Shared Libraries > New...
AdminConfig.create('Library', AdminConfig.getid('/Cell:DefaultCell01/Node:DefaultNode01/Server:server1/'), '[[nativePath ""] [name "roller-lib"] [isolatedClassLoader false] [description ""] [classPath "/opt/IBM/WebSphere/libs/roller-lib.jar"]]')

# Note that scripting list commands may generate more information than is displayed by the administrative console because the console generally filters with respect to scope, templates, and built-in entries.

# [9/23/23 20:42:54:966 UTC] Shared Libraries > New...
AdminConfig.list('Library', AdminConfig.getid( '/Cell:DefaultCell01/Node:DefaultNode01/Server:server1/'))

# [9/23/23 20:42:58:800 UTC] Shared Libraries
AdminConfig.save()

# Note that scripting list commands may generate more information than is displayed by the administrative console because the console generally filters with respect to scope, templates, and built-in entries.

# [9/23/23 20:42:58:891 UTC] Library
AdminConfig.list('Library', AdminConfig.getid( '/Cell:DefaultCell01/Node:DefaultNode01/Server:server1/'))

# [9/23/23 20:43:04:433 UTC] ApplicationServer
AdminTask.listServers('[-serverType APPLICATION_SERVER ]')

# [9/23/23 20:43:10:193 UTC] Application servers > server1
AdminConfig.list('Classloader', AdminConfig.getid( '/Cell:DefaultCell01/Node:DefaultNode01/Server:server1/'))

# [9/23/23 20:43:13:314 UTC] Application servers > server1 > Class loader > New...
AdminConfig.create('Classloader', '(cells/DefaultCell01/nodes/DefaultNode01/servers/server1|server.xml#ApplicationServer_1183122130078)', '[[mode PARENT_FIRST]]')

# [9/23/23 20:43:13:321 UTC] Application servers > server1 > Class loader > New...
AdminConfig.list('Classloader', AdminConfig.getid( '/Cell:DefaultCell01/Node:DefaultNode01/Server:server1/'))

# [9/23/23 20:43:16:556 UTC] Application servers > server1 > Class loader
AdminConfig.save()

# [9/23/23 20:43:16:653 UTC] Application servers > server1 > Class loader
AdminConfig.list('Classloader', AdminConfig.getid( '/Cell:DefaultCell01/Node:DefaultNode01/Server:server1/'))

# [9/23/23 20:43:24:482 UTC] Application servers > server1 > Class loader > Classloader_1695501793305 > Library Reference
AdminConfig.save()

